# JRE version: OpenJDK Runtime Environment Temurin-21.0.7+6 (21.0.7+6) (build 21.0.7+6-LTS)
# Java VM: OpenJDK 64-Bit Server VM Temurin-21.0.7+6 (21.0.7+6-LTS, mixed mode, sharing, tiered, compressed oops, compressed class ptrs, parallel gc, windows-amd64)
GC Precious Log:
 CardTable entry size: 512
 CPUs: 5 total, 5 available
 Memory: 16052M
 Large Page Support: Disabled
 NUMA Support: Disabled
 Compressed Oops: Enabled (32-bit)
 Alignments: Space 512K, Generation 512K, Heap 2M
 Heap Min Capacity: 100M
 Heap Initial Capacity: 100M
 Heap Max Capacity: 2G
 Pre-touch: Disabled
 Parallel Workers: 5
Heap:
 PSYoungGen      total 4096K, used 3853K [0x00000000d5580000, 0x00000000d5a80000, 0x0000000100000000)
  eden space 3072K, 100% used [0x00000000d5580000,0x00000000d5880000,0x00000000d5880000)
  from space 1024K, 76% used [0x00000000d5880000,0x00000000d5943708,0x00000000d5980000)
  to   space 1024K, 76% used [0x00000000d5980000,0x00000000d5a44f98,0x00000000d5a80000)
 ParOldGen       total 136704K, used 136701K [0x0000000080000000, 0x0000000088580000, 0x00000000d5580000)
  object space 136704K, 99% used [0x0000000080000000,0x000000008857f470,0x0000000088580000)
 Metaspace       used 54084K, committed 55296K, reserved 1114112K
  class space    used 5691K, committed 6208K, reserved 1048576K
GC Heap History (20 events):
Event: 23.676 GC heap before
{Heap before GC invocations=94 (full 2):
 PSYoungGen      total 4608K, used 4563K [0x00000000d5580000, 0x00000000d5c00000, 0x0000000100000000)
  eden space 3584K, 100% used [0x00000000d5580000,0x00000000d5900000,0x00000000d5900000)
  from space 1024K, 95% used [0x00000000d5900000,0x00000000d59f4e60,0x00000000d5a00000)
  to   space 1536K, 0% used [0x00000000d5a80000,0x00000000d5a80000,0x00000000d5c00000)
 ParOldGen       total 128512K, used 128294K [0x0000000080000000, 0x0000000087d80000, 0x00000000d5580000)
  object space 128512K, 99% used [0x0000000080000000,0x0000000087d49900,0x0000000087d80000)
 Metaspace       used 54084K, committed 55296K, reserved 1114112K
  class space    used 5691K, committed 6208K, reserved 1048576K
}
Event: 23.677 GC heap after
{Heap after GC invocations=94 (full 2):
 PSYoungGen      total 4608K, used 960K [0x00000000d5580000, 0x00000000d5b80000, 0x0000000100000000)
  eden space 3584K, 0% used [0x00000000d5580000,0x00000000d5580000,0x00000000d5900000)
  from space 1024K, 93% used [0x00000000d5a80000,0x00000000d5b70000,0x00000000d5b80000)
  to   space 1024K, 0% used [0x00000000d5900000,0x00000000d5900000,0x00000000d5a00000)
 ParOldGen       total 129536K, used 129175K [0x0000000080000000, 0x0000000087e80000, 0x00000000d5580000)
  object space 129536K, 99% used [0x0000000080000000,0x0000000087e25c50,0x0000000087e80000)
 Metaspace       used 54084K, committed 55296K, reserved 1114112K
  class space    used 5691K, committed 6208K, reserved 1048576K
}
Event: 23.686 GC heap before
{Heap before GC invocations=95 (full 2):
 PSYoungGen      total 4608K, used 4544K [0x00000000d5580000, 0x00000000d5b80000, 0x0000000100000000)
  eden space 3584K, 100% used [0x00000000d5580000,0x00000000d5900000,0x00000000d5900000)
  from space 1024K, 93% used [0x00000000d5a80000,0x00000000d5b70000,0x00000000d5b80000)
  to   space 1024K, 0% used [0x00000000d5900000,0x00000000d5900000,0x00000000d5a00000)
 ParOldGen       total 129536K, used 129175K [0x0000000080000000, 0x0000000087e80000, 0x00000000d5580000)
  object space 129536K, 99% used [0x0000000080000000,0x0000000087e25c50,0x0000000087e80000)
 Metaspace       used 54084K, committed 55296K, reserved 1114112K
  class space    used 5691K, committed 6208K, reserved 1048576K
}
Event: 23.690 GC heap after
{Heap after GC invocations=95 (full 2):
 PSYoungGen      total 4608K, used 855K [0x00000000d5580000, 0x00000000d5b00000, 0x0000000100000000)
  eden space 3584K, 0% used [0x00000000d5580000,0x00000000d5580000,0x00000000d5900000)
  from space 1024K, 83% used [0x00000000d5900000,0x00000000d59d5cc0,0x00000000d5a00000)
  to   space 1024K, 0% used [0x00000000d5a00000,0x00000000d5a00000,0x00000000d5b00000)
 ParOldGen       total 130560K, used 130055K [0x0000000080000000, 0x0000000087f80000, 0x00000000d5580000)
  object space 130560K, 99% used [0x0000000080000000,0x0000000087f01d90,0x0000000087f80000)
 Metaspace       used 54084K, committed 55296K, reserved 1114112K
  class space    used 5691K, committed 6208K, reserved 1048576K
}
Event: 23.698 GC heap before
{Heap before GC invocations=96 (full 2):
 PSYoungGen      total 4608K, used 4439K [0x00000000d5580000, 0x00000000d5b00000, 0x0000000100000000)
  eden space 3584K, 100% used [0x00000000d5580000,0x00000000d5900000,0x00000000d5900000)
  from space 1024K, 83% used [0x00000000d5900000,0x00000000d59d5cc0,0x00000000d5a00000)
  to   space 1024K, 0% used [0x00000000d5a00000,0x00000000d5a00000,0x00000000d5b00000)
 ParOldGen       total 130560K, used 130055K [0x0000000080000000, 0x0000000087f80000, 0x00000000d5580000)
  object space 130560K, 99% used [0x0000000080000000,0x0000000087f01d90,0x0000000087f80000)
 Metaspace       used 54084K, committed 55296K, reserved 1114112K
  class space    used 5691K, committed 6208K, reserved 1048576K
}
Event: 23.699 GC heap after
{Heap after GC invocations=96 (full 2):
 PSYoungGen      total 4096K, used 1010K [0x00000000d5580000, 0x00000000d5c00000, 0x0000000100000000)
  eden space 3072K, 0% used [0x00000000d5580000,0x00000000d5580000,0x00000000d5880000)
  from space 1024K, 98% used [0x00000000d5a00000,0x00000000d5afca78,0x00000000d5b00000)
  to   space 1536K, 0% used [0x00000000d5880000,0x00000000d5880000,0x00000000d5a00000)
 ParOldGen       total 131072K, used 130890K [0x0000000080000000, 0x0000000088000000, 0x00000000d5580000)
  object space 131072K, 99% used [0x0000000080000000,0x0000000087fd2bb0,0x0000000088000000)
 Metaspace       used 54084K, committed 55296K, reserved 1114112K
  class space    used 5691K, committed 6208K, reserved 1048576K
}
Event: 23.706 GC heap before
{Heap before GC invocations=97 (full 2):
 PSYoungGen      total 4096K, used 4082K [0x00000000d5580000, 0x00000000d5c00000, 0x0000000100000000)
  eden space 3072K, 100% used [0x00000000d5580000,0x00000000d5880000,0x00000000d5880000)
  from space 1024K, 98% used [0x00000000d5a00000,0x00000000d5afca78,0x00000000d5b00000)
  to   space 1536K, 0% used [0x00000000d5880000,0x00000000d5880000,0x00000000d5a00000)
 ParOldGen       total 131072K, used 130890K [0x0000000080000000, 0x0000000088000000, 0x00000000d5580000)
  object space 131072K, 99% used [0x0000000080000000,0x0000000087fd2bb0,0x0000000088000000)
 Metaspace       used 54084K, committed 55296K, reserved 1114112K
  class space    used 5691K, committed 6208K, reserved 1048576K
}
Event: 23.707 GC heap after
{Heap after GC invocations=97 (full 2):
 PSYoungGen      total 4096K, used 736K [0x00000000d5580000, 0x00000000d5a80000, 0x0000000100000000)
  eden space 3072K, 0% used [0x00000000d5580000,0x00000000d5580000,0x00000000d5880000)
  from space 1024K, 71% used [0x00000000d5880000,0x00000000d5938000,0x00000000d5980000)
  to   space 1024K, 0% used [0x00000000d5980000,0x00000000d5980000,0x00000000d5a80000)
 ParOldGen       total 132096K, used 131792K [0x0000000080000000, 0x0000000088100000, 0x00000000d5580000)
  object space 132096K, 99% used [0x0000000080000000,0x00000000880b4088,0x0000000088100000)
 Metaspace       used 54084K, committed 55296K, reserved 1114112K
  class space    used 5691K, committed 6208K, reserved 1048576K
}
Event: 23.718 GC heap before
{Heap before GC invocations=98 (full 2):
 PSYoungGen      total 4096K, used 3808K [0x00000000d5580000, 0x00000000d5a80000, 0x0000000100000000)
  eden space 3072K, 100% used [0x00000000d5580000,0x00000000d5880000,0x00000000d5880000)
  from space 1024K, 71% used [0x00000000d5880000,0x00000000d5938000,0x00000000d5980000)
  to   space 1024K, 0% used [0x00000000d5980000,0x00000000d5980000,0x00000000d5a80000)
 ParOldGen       total 132096K, used 131792K [0x0000000080000000, 0x0000000088100000, 0x00000000d5580000)
  object space 132096K, 99% used [0x0000000080000000,0x00000000880b4088,0x0000000088100000)
 Metaspace       used 54084K, committed 55296K, reserved 1114112K
  class space    used 5691K, committed 6208K, reserved 1048576K
}
Event: 23.720 GC heap after
{Heap after GC invocations=98 (full 2):
 PSYoungGen      total 4096K, used 800K [0x00000000d5580000, 0x00000000d5a80000, 0x0000000100000000)
  eden space 3072K, 0% used [0x00000000d5580000,0x00000000d5580000,0x00000000d5880000)
  from space 1024K, 78% used [0x00000000d5980000,0x00000000d5a48000,0x00000000d5a80000)
  to   space 1024K, 0% used [0x00000000d5880000,0x00000000d5880000,0x00000000d5980000)
 ParOldGen       total 132608K, used 132468K [0x0000000080000000, 0x0000000088180000, 0x00000000d5580000)
  object space 132608K, 99% used [0x0000000080000000,0x000000008815d048,0x0000000088180000)
 Metaspace       used 54084K, committed 55296K, reserved 1114112K
  class space    used 5691K, committed 6208K, reserved 1048576K
}
Event: 23.757 GC heap before
{Heap before GC invocations=99 (full 2):
 PSYoungGen      total 4096K, used 3872K [0x00000000d5580000, 0x00000000d5a80000, 0x0000000100000000)
  eden space 3072K, 100% used [0x00000000d5580000,0x00000000d5880000,0x00000000d5880000)
  from space 1024K, 78% used [0x00000000d5980000,0x00000000d5a48000,0x00000000d5a80000)
  to   space 1024K, 0% used [0x00000000d5880000,0x00000000d5880000,0x00000000d5980000)
 ParOldGen       total 132608K, used 132468K [0x0000000080000000, 0x0000000088180000, 0x00000000d5580000)
  object space 132608K, 99% used [0x0000000080000000,0x000000008815d048,0x0000000088180000)
 Metaspace       used 54084K, committed 55296K, reserved 1114112K
  class space    used 5691K, committed 6208K, reserved 1048576K
}
Event: 23.759 GC heap after
{Heap after GC invocations=99 (full 2):
 PSYoungGen      total 4096K, used 820K [0x00000000d5580000, 0x00000000d5a80000, 0x0000000100000000)
  eden space 3072K, 0% used [0x00000000d5580000,0x00000000d5580000,0x00000000d5880000)
  from space 1024K, 80% used [0x00000000d5880000,0x00000000d594d198,0x00000000d5980000)
  to   space 1024K, 0% used [0x00000000d5980000,0x00000000d5980000,0x00000000d5a80000)
 ParOldGen       total 133632K, used 133199K [0x0000000080000000, 0x0000000088280000, 0x00000000d5580000)
  object space 133632K, 99% used [0x0000000080000000,0x0000000088213e20,0x0000000088280000)
 Metaspace       used 54084K, committed 55296K, reserved 1114112K
  class space    used 5691K, committed 6208K, reserved 1048576K
}
Event: 23.780 GC heap before
{Heap before GC invocations=100 (full 2):
 PSYoungGen      total 4096K, used 3892K [0x00000000d5580000, 0x00000000d5a80000, 0x0000000100000000)
  eden space 3072K, 100% used [0x00000000d5580000,0x00000000d5880000,0x00000000d5880000)
  from space 1024K, 80% used [0x00000000d5880000,0x00000000d594d198,0x00000000d5980000)
  to   space 1024K, 0% used [0x00000000d5980000,0x00000000d5980000,0x00000000d5a80000)
 ParOldGen       total 133632K, used 133199K [0x0000000080000000, 0x0000000088280000, 0x00000000d5580000)
  object space 133632K, 99% used [0x0000000080000000,0x0000000088213e20,0x0000000088280000)
 Metaspace       used 54084K, committed 55296K, reserved 1114112K
  class space    used 5691K, committed 6208K, reserved 1048576K
}
Event: 23.780 GC heap after
{Heap after GC invocations=100 (full 2):
 PSYoungGen      total 4096K, used 824K [0x00000000d5580000, 0x00000000d5a80000, 0x0000000100000000)
  eden space 3072K, 0% used [0x00000000d5580000,0x00000000d5580000,0x00000000d5880000)
  from space 1024K, 80% used [0x00000000d5980000,0x00000000d5a4e2b0,0x00000000d5a80000)
  to   space 1024K, 0% used [0x00000000d5880000,0x00000000d5880000,0x00000000d5980000)
 ParOldGen       total 134144K, used 133921K [0x0000000080000000, 0x0000000088300000, 0x00000000d5580000)
  object space 134144K, 99% used [0x0000000080000000,0x00000000882c86b0,0x0000000088300000)
 Metaspace       used 54084K, committed 55296K, reserved 1114112K
  class space    used 5691K, committed 6208K, reserved 1048576K
}
Event: 23.817 GC heap before
{Heap before GC invocations=101 (full 2):
 PSYoungGen      total 4096K, used 3896K [0x00000000d5580000, 0x00000000d5a80000, 0x0000000100000000)
  eden space 3072K, 100% used [0x00000000d5580000,0x00000000d5880000,0x00000000d5880000)
  from space 1024K, 80% used [0x00000000d5980000,0x00000000d5a4e2b0,0x00000000d5a80000)
  to   space 1024K, 0% used [0x00000000d5880000,0x00000000d5880000,0x00000000d5980000)
 ParOldGen       total 134144K, used 133921K [0x0000000080000000, 0x0000000088300000, 0x00000000d5580000)
  object space 134144K, 99% used [0x0000000080000000,0x00000000882c86b0,0x0000000088300000)
 Metaspace       used 54084K, committed 55296K, reserved 1114112K
  class space    used 5691K, committed 6208K, reserved 1048576K
}
Event: 23.819 GC heap after
{Heap after GC invocations=101 (full 2):
 PSYoungGen      total 4096K, used 828K [0x00000000d5580000, 0x00000000d5a80000, 0x0000000100000000)
  eden space 3072K, 0% used [0x00000000d5580000,0x00000000d5580000,0x00000000d5880000)
  from space 1024K, 80% used [0x00000000d5880000,0x00000000d594f230,0x00000000d5980000)
  to   space 1024K, 0% used [0x00000000d5980000,0x00000000d5980000,0x00000000d5a80000)
 ParOldGen       total 134656K, used 134653K [0x0000000080000000, 0x0000000088380000, 0x00000000d5580000)
  object space 134656K, 99% used [0x0000000080000000,0x000000008837f568,0x0000000088380000)
 Metaspace       used 54084K, committed 55296K, reserved 1114112K
  class space    used 5691K, committed 6208K, reserved 1048576K
}
Event: 23.860 GC heap before
{Heap before GC invocations=102 (full 2):
 PSYoungGen      total 4096K, used 3900K [0x00000000d5580000, 0x00000000d5a80000, 0x0000000100000000)
  eden space 3072K, 100% used [0x00000000d5580000,0x00000000d5880000,0x00000000d5880000)
  from space 1024K, 80% used [0x00000000d5880000,0x00000000d594f230,0x00000000d5980000)
  to   space 1024K, 0% used [0x00000000d5980000,0x00000000d5980000,0x00000000d5a80000)
 ParOldGen       total 134656K, used 134653K [0x0000000080000000, 0x0000000088380000, 0x00000000d5580000)
  object space 134656K, 99% used [0x0000000080000000,0x000000008837f568,0x0000000088380000)
 Metaspace       used 54084K, committed 55296K, reserved 1114112K
  class space    used 5691K, committed 6208K, reserved 1048576K
}
Event: 23.862 GC heap after
{Heap after GC invocations=102 (full 2):
 PSYoungGen      total 4096K, used 789K [0x00000000d5580000, 0x00000000d5a80000, 0x0000000100000000)
  eden space 3072K, 0% used [0x00000000d5580000,0x00000000d5580000,0x00000000d5880000)
  from space 1024K, 77% used [0x00000000d5980000,0x00000000d5a455f8,0x00000000d5a80000)
  to   space 1024K, 0% used [0x00000000d5880000,0x00000000d5880000,0x00000000d5980000)
 ParOldGen       total 135680K, used 135370K [0x0000000080000000, 0x0000000088480000, 0x00000000d5580000)
  object space 135680K, 99% used [0x0000000080000000,0x0000000088432918,0x0000000088480000)
 Metaspace       used 54084K, committed 55296K, reserved 1114112K
  class space    used 5691K, committed 6208K, reserved 1048576K
}
Event: 24.017 GC heap before
{Heap before GC invocations=103 (full 2):
 PSYoungGen      total 4096K, used 3861K [0x00000000d5580000, 0x00000000d5a80000, 0x0000000100000000)
  eden space 3072K, 100% used [0x00000000d5580000,0x00000000d5880000,0x00000000d5880000)
  from space 1024K, 77% used [0x00000000d5980000,0x00000000d5a455f8,0x00000000d5a80000)
  to   space 1024K, 0% used [0x00000000d5880000,0x00000000d5880000,0x00000000d5980000)
 ParOldGen       total 135680K, used 135370K [0x0000000080000000, 0x0000000088480000, 0x00000000d5580000)
  object space 135680K, 99% used [0x0000000080000000,0x0000000088432918,0x0000000088480000)
 Metaspace       used 54084K, committed 55296K, reserved 1114112K
  class space    used 5691K, committed 6208K, reserved 1048576K
}
Event: 24.018 GC heap after
{Heap after GC invocations=103 (full 2):
 PSYoungGen      total 4096K, used 781K [0x00000000d5580000, 0x00000000d5a80000, 0x0000000100000000)
  eden space 3072K, 0% used [0x00000000d5580000,0x00000000d5580000,0x00000000d5880000)
  from space 1024K, 76% used [0x00000000d5880000,0x00000000d5943708,0x00000000d5980000)
  to   space 1024K, 0% used [0x00000000d5980000,0x00000000d5980000,0x00000000d5a80000)
 ParOldGen       total 136192K, used 136078K [0x0000000080000000, 0x0000000088500000, 0x00000000d5580000)
  object space 136192K, 99% used [0x0000000080000000,0x00000000884e38a8,0x0000000088500000)
 Metaspace       used 54084K, committed 55296K, reserved 1114112K
  class space    used 5691K, committed 6208K, reserved 1048576K
}

